
[0m[2m[35m$[0m [2m[1mbun run next build[0m
[33m[1m⚠[22m[39m Warning: Next.js inferred your workspace root, but it may not be correct.
 We detected multiple lockfiles and selected the directory of /home/ari/bun.lock as the root directory.
 To silence this warning, set `turbopack.root` in your Next.js config, or consider removing one of the lockfiles if it's not needed.
   See https://nextjs.org/docs/app/api-reference/config/next-config-js/turbopack#root-directory for more information.
 Detected additional lockfiles: 
   * /home/ari/repos/rift/bun.lock

[1m[38;2;173;127;168m▲ Next.js 16.1.1[39m[22m (Turbopack)
- Experiments (use with caution):
  · clientTraceMetadata
  · optimizePackageImports

[37m[1m [22m[39m Creating an optimized production build ...

> Build error occurred
Error: Turbopack build failed with 2 errors:
./repos/rift/apps/web/components/custom-instructions/InstructionManager.tsx:9:1
[1m[31mModule not found[39m[22m: Can't resolve [32m'../ai/ui/dialog'[39m
[0m [90m  7 |[39m [36mimport[39m type { [33mId[39m } [36mfrom[39m [32m"@/convex/_generated/dataModel"[39m[33m;[39m
 [90m  8 |[39m [36mimport[39m { [33mButton[39m } [36mfrom[39m [32m"@rift/ui/button"[39m[33m;[39m
[31m[1m>[22m[39m[90m  9 |[39m [36mimport[39m { 
 [90m    |[39m [31m[1m^[22m[39m[31m[1m^[22m[39m[31m[1m^[22m[39m[31m[1m^[22m[39m[31m[1m^[22m[39m[31m[1m^[22m[39m[31m[1m^[22m[39m[31m[1m^[22m[39m[31m[1m^[22m[39m
[31m[1m>[22m[39m[90m 10 |[39m   [33mDialog[39m[33m,[39m 
 [90m    |[39m [31m[1m^[22m[39m[31m[1m^[22m[39m[31m[1m^[22m[39m[31m[1m^[22m[39m[31m[1m^[22m[39m[31m[1m^[22m[39m[31m[1m^[22m[39m[31m[1m^[22m[39m[31m[1m^[22m[39m[31m[1m^[22m[39m
[31m[1m>[22m[39m[90m 11 |[39m   [33mDialogContent[39m[33m,[39m 
 [90m    |[39m [31m[1m^[22m[39m[31m[1m^[22m[39m[31m[1m^[22m[39m[31m[1m^[22m[39m[31m[1m^[22m[39m[31m[1m^[22m[39m[31m[1m^[22m[39m[31m[1m^[22m[39m[31m[1m^[22m[39m[31m[1m^[22m[39m
[31m[1m>[22m[39m[90m 12 |[39m   [33mDialogHeader[39m[33m,[39m 
 [90m    |[39m [31m[1m^[22m[39m[31m[1m^[22m[39m[31m[1m^[22m[39m[31m[1m^[22m[39m[31m[1m^[22m[39m[31m[1m^[22m[39m[31m[1m^[22m[39m[31m[1m^[22m[39m[31m[1m^[22m[39m[31m[1m^[22m[39m
[31m[1m>[22m[39m[90m 13 |[39m   [33mDialogTitle[39m[33m,[39m 
 [90m    |[39m [31m[1m^[22m[39m[31m[1m^[22m[39m[31m[1m^[22m[39m[31m[1m^[22m[39m[31m[1m^[22m[39m[31m[1m^[22m[39m[31m[1m^[22m[39m[31m[1m^[22m[39m[31m[1m^[22m[39m[31m[1m^[22m[39m
[31m[1m>[22m[39m[90m 14 |[39m   [33mDialogTrigger[39m 
 [90m    |[39m [31m[1m^[22m[39m[31m[1m^[22m[39m[31m[1m^[22m[39m[31m[1m^[22m[39m[31m[1m^[22m[39m[31m[1m^[22m[39m[31m[1m^[22m[39m[31m[1m^[22m[39m[31m[1m^[22m[39m[31m[1m^[22m[39m
[31m[1m>[22m[39m[90m 15 |[39m } [36mfrom[39m [32m"../ai/ui/dialog"[39m[33m;[39m
 [90m    |[39m [31m[1m^[22m[39m[31m[1m^[22m[39m[31m[1m^[22m[39m[31m[1m^[22m[39m[31m[1m^[22m[39m[31m[1m^[22m[39m[31m[1m^[22m[39m[31m[1m^[22m[39m[31m[1m^[22m[39m[31m[1m^[22m[39m[31m[1m^[22m[39m[31m[1m^[22m[39m[31m[1m^[22m[39m[31m[1m^[22m[39m[31m[1m^[22m[39m[31m[1m^[22m[39m[31m[1m^[22m[39m[31m[1m^[22m[39m[31m[1m^[22m[39m[31m[1m^[22m[39m[31m[1m^[22m[39m[31m[1m^[22m[39m[31m[1m^[22m[39m[31m[1m^[22m[39m[31m[1m^[22m[39m[31m[1m^[22m[39m
 [90m 16 |[39m [36mimport[39m { [33mMessageSquarePlus[39m[33m,[39m [33mPlusIcon[39m } [36mfrom[39m [32m"lucide-react"[39m[33m;[39m
 [90m 17 |[39m [36mimport[39m { [33mInstructionForm[39m } [36mfrom[39m [32m"./InstructionForm"[39m[33m;[39m
 [90m 18 |[39m [36mimport[39m { [33mInstructionCard[39m } [36mfrom[39m [32m"./InstructionCard"[39m[33m;[39m[0m



Import traces:
  Client Component Browser:
    ./repos/rift/apps/web/components/custom-instructions/InstructionManager.tsx [Client Component Browser]
    ./repos/rift/apps/web/app/settings/custom-instructions/page.tsx [Client Component Browser]
    ./repos/rift/apps/web/app/settings/custom-instructions/page.tsx [Server Component]

  Client Component SSR:
    ./repos/rift/apps/web/components/custom-instructions/InstructionManager.tsx [Client Component SSR]
    ./repos/rift/apps/web/app/settings/custom-instructions/page.tsx [Client Component SSR]
    ./repos/rift/apps/web/app/settings/custom-instructions/page.tsx [Server Component]

https://nextjs.org/docs/messages/module-not-found


./repos/rift/apps/web/components/custom-instructions/InstructionManager.tsx:9:1
[1m[31mModule not found[39m[22m: Can't resolve [32m'../ai/ui/dialog'[39m
[0m [90m  7 |[39m [36mimport[39m type { [33mId[39m } [36mfrom[39m [32m"@/convex/_generated/dataModel"[39m[33m;[39m
 [90m  8 |[39m [36mimport[39m { [33mButton[39m } [36mfrom[39m [32m"@rift/ui/button"[39m[33m;[39m
[31m[1m>[22m[39m[90m  9 |[39m [36mimport[39m { 
 [90m    |[39m [31m[1m^[22m[39m[31m[1m^[22m[39m[31m[1m^[22m[39m[31m[1m^[22m[39m[31m[1m^[22m[39m[31m[1m^[22m[39m[31m[1m^[22m[39m[31m[1m^[22m[39m[31m[1m^[22m[39m
[31m[1m>[22m[39m[90m 10 |[39m   [33mDialog[39m[33m,[39m 
 [90m    |[39m [31m[1m^[22m[39m[31m[1m^[22m[39m[31m[1m^[22m[39m[31m[1m^[22m[39m[31m[1m^[22m[39m[31m[1m^[22m[39m[31m[1m^[22m[39m[31m[1m^[22m[39m[31m[1m^[22m[39m[31m[1m^[22m[39m
[31m[1m>[22m[39m[90m 11 |[39m   [33mDialogContent[39m[33m,[39m 
 [90m    |[39m [31m[1m^[22m[39m[31m[1m^[22m[39m[31m[1m^[22m[39m[31m[1m^[22m[39m[31m[1m^[22m[39m[31m[1m^[22m[39m[31m[1m^[22m[39m[31m[1m^[22m[39m[31m[1m^[22m[39m[31m[1m^[22m[39m
[31m[1m>[22m[39m[90m 12 |[39m   [33mDialogHeader[39m[33m,[39m 
 [90m    |[39m [31m[1m^[22m[39m[31m[1m^[22m[39m[31m[1m^[22m[39m[31m[1m^[22m[39m[31m[1m^[22m[39m[31m[1m^[22m[39m[31m[1m^[22m[39m[31m[1m^[22m[39m[31m[1m^[22m[39m[31m[1m^[22m[39m
[31m[1m>[22m[39m[90m 13 |[39m   [33mDialogTitle[39m[33m,[39m 
 [90m    |[39m [31m[1m^[22m[39m[31m[1m^[22m[39m[31m[1m^[22m[39m[31m[1m^[22m[39m[31m[1m^[22m[39m[31m[1m^[22m[39m[31m[1m^[22m[39m[31m[1m^[22m[39m[31m[1m^[22m[39m[31m[1m^[22m[39m
[31m[1m>[22m[39m[90m 14 |[39m   [33mDialogTrigger[39m 
 [90m    |[39m [31m[1m^[22m[39m[31m[1m^[22m[39m[31m[1m^[22m[39m[31m[1m^[22m[39m[31m[1m^[22m[39m[31m[1m^[22m[39m[31m[1m^[22m[39m[31m[1m^[22m[39m[31m[1m^[22m[39m[31m[1m^[22m[39m
[31m[1m>[22m[39m[90m 15 |[39m } [36mfrom[39m [32m"../ai/ui/dialog"[39m[33m;[39m
 [90m    |[39m [31m[1m^[22m[39m[31m[1m^[22m[39m[31m[1m^[22m[39m[31m[1m^[22m[39m[31m[1m^[22m[39m[31m[1m^[22m[39m[31m[1m^[22m[39m[31m[1m^[22m[39m[31m[1m^[22m[39m[31m[1m^[22m[39m[31m[1m^[22m[39m[31m[1m^[22m[39m[31m[1m^[22m[39m[31m[1m^[22m[39m[31m[1m^[22m[39m[31m[1m^[22m[39m[31m[1m^[22m[39m[31m[1m^[22m[39m[31m[1m^[22m[39m[31m[1m^[22m[39m[31m[1m^[22m[39m[31m[1m^[22m[39m[31m[1m^[22m[39m[31m[1m^[22m[39m[31m[1m^[22m[39m
 [90m 16 |[39m [36mimport[39m { [33mMessageSquarePlus[39m[33m,[39m [33mPlusIcon[39m } [36mfrom[39m [32m"lucide-react"[39m[33m;[39m
 [90m 17 |[39m [36mimport[39m { [33mInstructionForm[39m } [36mfrom[39m [32m"./InstructionForm"[39m[33m;[39m
 [90m 18 |[39m [36mimport[39m { [33mInstructionCard[39m } [36mfrom[39m [32m"./InstructionCard"[39m[33m;[39m[0m



Import traces:
  Client Component Browser:
    ./repos/rift/apps/web/components/custom-instructions/InstructionManager.tsx [Client Component Browser]
    ./repos/rift/apps/web/app/settings/custom-instructions/page.tsx [Client Component Browser]
    ./repos/rift/apps/web/app/settings/custom-instructions/page.tsx [Server Component]

  Client Component SSR:
    ./repos/rift/apps/web/components/custom-instructions/InstructionManager.tsx [Client Component SSR]
    ./repos/rift/apps/web/app/settings/custom-instructions/page.tsx [Client Component SSR]
    ./repos/rift/apps/web/app/settings/custom-instructions/page.tsx [Server Component]

https://nextjs.org/docs/messages/module-not-found


    at <unknown> (./repos/rift/apps/web/components/custom-instructions/InstructionManager.tsx:9:1)
    at <unknown> (https://nextjs.org/docs/messages/module-not-found)
    at <unknown> (./repos/rift/apps/web/components/custom-instructions/InstructionManager.tsx:9:1)
    at <unknown> (https://nextjs.org/docs/messages/module-not-found)
[0m[31merror[0m[2m:[0m "[1mnext[0m" exited with code 1
[0m[31merror[0m[2m:[0m script [1m"build"[0m exited with code 1[0m
